  stdafx.cpp
  winCreate.cpp
c:\users\jai\downloads\appinithook\appinithook\wincreate.cpp(238): warning C4996: 'strncat': This function or variable may be unsafe. Consider using strncat_s instead. To disable deprecation, use _CRT_SECURE_NO_WARNINGS. See online help for details.
  c:\program files (x86)\windows kits\10\include\10.0.16299.0\ucrt\string.h(265): note: see declaration of 'strncat'
c:\users\jai\downloads\appinithook\appinithook\wincreate.cpp(239): warning C4996: 'strncat': This function or variable may be unsafe. Consider using strncat_s instead. To disable deprecation, use _CRT_SECURE_NO_WARNINGS. See online help for details.
  c:\program files (x86)\windows kits\10\include\10.0.16299.0\ucrt\string.h(265): note: see declaration of 'strncat'
c:\users\jai\downloads\appinithook\appinithook\wincreate.cpp(88): warning C4101: 'x': unreferenced local variable
  winClient.cpp
c:\users\jai\downloads\appinithook\appinithook\winclient.cpp(99): warning C4996: 'inet_addr': Use inet_pton() or InetPton() instead or define _WINSOCK_DEPRECATED_NO_WARNINGS to disable deprecated API warnings
  c:\program files (x86)\windows kits\10\include\10.0.16299.0\um\winsock2.h(1830): note: see declaration of 'inet_addr'
c:\users\jai\downloads\appinithook\appinithook\winclient.cpp(137): warning C4552: '-': operator has no effect; expected operator with side-effect
c:\users\jai\downloads\appinithook\appinithook\winclient.cpp(335): warning C4996: 'fopen': This function or variable may be unsafe. Consider using fopen_s instead. To disable deprecation, use _CRT_SECURE_NO_WARNINGS. See online help for details.
  c:\program files (x86)\windows kits\10\include\10.0.16299.0\ucrt\stdio.h(207): note: see declaration of 'fopen'
  tools.cpp
c:\users\jai\downloads\appinithook\appinithook\tools.cpp(21): warning C4996: 'mbstowcs': This function or variable may be unsafe. Consider using mbstowcs_s instead. To disable deprecation, use _CRT_SECURE_NO_WARNINGS. See online help for details.
  c:\program files (x86)\windows kits\10\include\10.0.16299.0\ucrt\stdlib.h(926): note: see declaration of 'mbstowcs'
  log.cpp
  Generating Code...
  main.cpp
c:\users\jai\downloads\appinithook\appinithook\main.cpp(198): warning C4996: 'fopen': This function or variable may be unsafe. Consider using fopen_s instead. To disable deprecation, use _CRT_SECURE_NO_WARNINGS. See online help for details.
  c:\program files (x86)\windows kits\10\include\10.0.16299.0\ucrt\stdio.h(207): note: see declaration of 'fopen'
  misc.c
  disasm_x86.c
c:\users\jai\downloads\appinithook\appinithook\mhook\disasm-lib\disasm_x86.c(3740): warning C4477: 'printf' : format string '%s' requires an argument of type 'char *', but variadic argument 2 has type 'int'
c:\users\jai\downloads\appinithook\appinithook\mhook\disasm-lib\disasm_x86.c(3740): warning C4474: 'printf' : too many arguments passed for format string
  c:\users\jai\downloads\appinithook\appinithook\mhook\disasm-lib\disasm_x86.c(3740): note: placeholders and their parameters expect 2 variadic arguments, but 3 were provided
c:\users\jai\downloads\appinithook\appinithook\mhook\disasm-lib\disasm_x86.c(3767): warning C4477: 'printf' : format string '%s' requires an argument of type 'char *', but variadic argument 2 has type 'int'
c:\users\jai\downloads\appinithook\appinithook\mhook\disasm-lib\disasm_x86.c(3767): warning C4474: 'printf' : too many arguments passed for format string
  c:\users\jai\downloads\appinithook\appinithook\mhook\disasm-lib\disasm_x86.c(3767): note: placeholders and their parameters expect 2 variadic arguments, but 3 were provided
  disasm.c
  cpu.c
  Generating Code...
  mhook.cpp
log.obj : warning LNK4075: ignoring '/EDITANDCONTINUE' due to '/SAFESEH' specification
  AppInitHook.vcxproj -> C:\Users\Jai\Downloads\AppInitHook\Debug\AppInitHook.dll
