c:\users\jai\downloads\appinithook\appinithook\debug\appinithook.pch
c:\users\jai\downloads\appinithook\appinithook\debug\vc141.pdb
c:\users\jai\downloads\appinithook\appinithook\debug\vc141.idb
c:\users\jai\downloads\appinithook\appinithook\debug\stdafx.obj
c:\users\jai\downloads\appinithook\appinithook\debug\log.obj
c:\users\jai\downloads\appinithook\appinithook\debug\tools.obj
c:\users\jai\downloads\appinithook\appinithook\debug\winclient.obj
c:\users\jai\downloads\appinithook\appinithook\debug\wincreate.obj
c:\users\jai\downloads\appinithook\appinithook\debug\main.obj
c:\users\jai\downloads\appinithook\appinithook\debug\cpu.obj
c:\users\jai\downloads\appinithook\appinithook\debug\disasm.obj
c:\users\jai\downloads\appinithook\appinithook\debug\disasm_x86.obj
c:\users\jai\downloads\appinithook\appinithook\debug\misc.obj
c:\users\jai\downloads\appinithook\appinithook\debug\mhook.obj
c:\users\jai\downloads\appinithook\debug\appinithook.ilk
c:\users\jai\downloads\appinithook\debug\appinithook.dll
c:\users\jai\downloads\appinithook\debug\appinithook.pdb
c:\users\jai\downloads\appinithook\appinithook\debug\appinithook.tlog\cl.command.1.tlog
c:\users\jai\downloads\appinithook\appinithook\debug\appinithook.tlog\cl.read.1.tlog
c:\users\jai\downloads\appinithook\appinithook\debug\appinithook.tlog\cl.write.1.tlog
c:\users\jai\downloads\appinithook\appinithook\debug\appinithook.tlog\link.command.1.tlog
c:\users\jai\downloads\appinithook\appinithook\debug\appinithook.tlog\link.read.1.tlog
c:\users\jai\downloads\appinithook\appinithook\debug\appinithook.tlog\link.write.1.tlog
