0. 



1. WINDOWS: DG, DAT, MSG:  DG_CONTROL////DAT_PARENT////MSG_OPENDSM
2. Inside MSG_OPENDSM
3. INtialized
4. Socket created
5. Connected
6. in receive Ret structure function

7. retStructure size is : 1804
8. pret->message value: Succesful run of the function sane_init

9. Received from linux pRet messageSuccesful run of the function sane_init

10. This is the retVal for hooked DSM 0
11. 



12. WINDOWS: DG, DAT, MSG:  DG_CONTROL////DAT_ENTRYPOINT////MSG_GET
13. 



14. WINDOWS: DG, DAT, MSG:  DG_CONTROL////DAT_IDENTITY////MSG_GETDEFAULT
15. Inside MSG_GETDEFAULT
16. in receive Ret structure function

17. retStructure size is : 1804
18. pret->message value: This is MSG_GETDEFAULT, we do nothing here
19. received from linux pRet message This is MSG_GETDEFAULT, we do nothing here
20. Device name received 
21. 



22. WINDOWS: DG, DAT, MSG:  DG_CONTROL////DAT_IDENTITY////MSG_USERSELECT
23. WINDOWS: DG, DAT, MSG:  DG_CONTROL////DAT_IDENTITY////MSG_USERSELECT
WINDOWS: Inside MSG_USERSELECT
24. in receive Ret structure function

25. retStructure size is : 1804
26. pret->message value: Got sane devices
27. I am in main.cpp and ret.numofdevices is: 3
28. Entered ud_createWindow
29. Got the hListBox
30. Number of devices found are 3
31. Could not get the default DS by product name
32. initialized devs.curDevID to: 3
33. in ret == IDOK
34. 



35. WINDOWS: DG, DAT, MSG:  DG_CONTROL////DAT_PARENT////MSG_CLOSEDSM
36. in receive Ret structure function

37. retStructure size is : 1804
38. pret->message value: sane-backends closed succesfully
39. Received from linux pRet messagesane-backends closed succesfully
40. 



41. WINDOWS: DG, DAT, MSG:  DG_CONTROL////DAT_PARENT////MSG_OPENDSM
42. Inside MSG_OPENDSM
43. in receive Ret structure function

44. retStructure size is : 1804
45. pret->message value: Succesful run of the function sane_init

46. Received from linux pRet messageSuccesful run of the function sane_init

47. This is the retVal for hooked DSM 0
48. 



49. WINDOWS: DG, DAT, MSG:  DG_CONTROL////DAT_ENTRYPOINT////MSG_GET
50. 



51. WINDOWS: DG, DAT, MSG:  DG_CONTROL////DAT_IDENTITY////MSG_OPENDS
52. (from windows MSG_OPENDS) This is the value of curDevId: 3
53. in sendDevs function
54. Entered SaveBitmapToFile function
55. No error while opening the file
56. Inside lWidth%4==0
57. Done writing to bmp file
58. Bytes per line = 3588
59. Pixels per line 1196
60. Depth of the image8
61. FOrmat of the image1
62. Number of lines1739
63. in receive Ret structure function

64. retStructure size is : 1804
65. pret->message value: Succesfully read all bytess
66. This is the pRet->twc  0
67. 



68. WINDOWS: DG, DAT, MSG:  DG_CONTROL////DAT_CAPABILITY////MSG_SET
69. 



70. WINDOWS: DG, DAT, MSG:  DG_CONTROL////DAT_USERINTERFACE////MSG_ENABLEDS
71. 



72. WINDOWS: DG, DAT, MSG:  DG_CONTROL////DAT_EVENT////MSG_PROCESSEVENT
73. Inside DAT_EVENT and MSG_PROCESSEVENT
74. 



75. WINDOWS: DG, DAT, MSG:  DG_CONTROL////DAT_STATUS////MSG_GET
76. Inside DAT_STATUS AND MSG_GET
77. 



78. WINDOWS: DG, DAT, MSG:  DG_CONTROL////DAT_USERINTERFACE////MSG_DISABLEDS
79. 



80. WINDOWS: DG, DAT, MSG:  DG_CONTROL////DAT_IDENTITY////MSG_CLOSEDS
81. 



82. WINDOWS: DG, DAT, MSG:  DG_CONTROL////DAT_PARENT////MSG_CLOSEDSM
83. in receive Ret structure function

84. retStructure size is : 1804
85. pret->message value: sane-backends closed succesfully
86. Received from linux pRet messagesane-backends closed succesfully
